#
# There is insufficient memory for the Java Runtime Environment to continue.
# Native memory allocation (malloc) failed to allocate 262160 bytes for Chunk::new
# Possible reasons:
#   The system is out of physical RAM or swap space
#   The process is running with CompressedOops enabled, and the Java Heap may be blocking the growth of the native heap
# Possible solutions:
#   Reduce memory load on the system
#   Increase physical memory or swap space
#   Check if swap backing store is full
#   Decrease Java heap size (-Xmx/-Xms)
#   Decrease number of Java threads
#   Decrease Java thread stack sizes (-Xss)
#   Set larger code cache with -XX:ReservedCodeCacheSize=
#   JVM is running with Zero Based Compressed Oops mode in which the Java heap is
#     placed in the first 32GB address space. The Java Heap base address is the
#     maximum limit for the native heap growth. Please use -XX:HeapBaseMinAddress
#     to set the Java Heap base and to place the Java Heap above 32GB virtual address.
# This output file may be truncated or incomplete.
#
#  Out of Memory Error (arena.cpp:184), pid=9844, tid=24344
#
# JRE version: Java(TM) SE Runtime Environment (18.0.2.1+1) (build 18.0.2.1+1-1)
# Java VM: Java HotSpot(TM) 64-Bit Server VM (18.0.2.1+1-1, mixed mode, sharing, tiered, compressed oops, compressed class ptrs, g1 gc, windows-amd64)
# No core dump will be written. Minidumps are not enabled by default on client versions of Windows
#

---------------  S U M M A R Y ------------

Command Line: -javaagent:C:\Program Files (x86)\JetBrains\IntelliJ IDEA Community Edition 2023.2.5\lib\idea_rt.jar=64905:C:\Program Files (x86)\JetBrains\IntelliJ IDEA Community Edition 2023.2.5\bin -Dfile.encoding=UTF-8 -Dsun.stdout.encoding=UTF-8 -Dsun.stderr.encoding=UTF-8 com.crud.noticias.NoticiasApplication

Host: AMD Ryzen 5 2600X Six-Core Processor           , 12 cores, 15G,  Windows 11 , 64 bit Build 22621 (10.0.22621.2506)
Time: Sat Dec 30 08:13:44 2023 Hora estándar romance elapsed time: 304248.789515 seconds (3d 12h 30m 48s)

---------------  T H R E A D  ---------------

Current thread (0x0000020f0c726290):  JavaThread "C2 CompilerThread0" daemon [_thread_in_native, id=24344, stack(0x0000008ede100000,0x0000008ede200000)]


Current CompileTask:
C2:304248789 6688   !   4       java.util.concurrent.FutureTask::run (123 bytes)

Stack: [0x0000008ede100000,0x0000008ede200000]
Native frames: (J=compiled Java code, j=interpreted, Vv=VM code, C=native code)
V  [jvm.dll+0x6993aa]
V  [jvm.dll+0x7f46dd]
V  [jvm.dll+0x7f5fee]
V  [jvm.dll+0x7f66a3]
V  [jvm.dll+0x25cf1f]
V  [jvm.dll+0xb8c2f]
V  [jvm.dll+0xb8fa5]
V  [jvm.dll+0xb8d4b]
V  [jvm.dll+0x677efc]
V  [jvm.dll+0x236c19]
V  [jvm.dll+0x6bc0f2]
V  [jvm.dll+0x22f209]
V  [jvm.dll+0x1ba01c]
V  [jvm.dll+0x23ee0a]
V  [jvm.dll+0x23d0f5]
V  [jvm.dll+0x7a6dd1]
V  [jvm.dll+0x7a120a]
V  [jvm.dll+0x698255]
C  [ucrtbase.dll+0x29363]
C  [KERNEL32.DLL+0x1257d]
C  [ntdll.dll+0x5aa58]


---------------  P R O C E S S  ---------------

Threads class SMR info:
_java_thread_list=0x0000020f110df220, length=32, elements={
0x0000020f0c706300, 0x0000020f0c706f60, 0x0000020f0c7238e0, 0x0000020f0c724280,
0x0000020f0c724c20, 0x0000020f0c7255c0, 0x0000020f0c726290, 0x0000020f0c730c90,
0x0000020f0c735a90, 0x0000020f1099f790, 0x0000020f10b9e760, 0x0000020f10b81c70,
0x0000020f1326fae0, 0x0000020f136f5e20, 0x0000020f133e6840, 0x0000020f0c6f0300,
0x0000020f0c6eefc0, 0x0000020f0c6efe30, 0x0000020f0c6eeaf0, 0x0000020f0c6ef490,
0x0000020f12492190, 0x0000020f12496020, 0x0000020f124934d0, 0x0000020f12492b30,
0x0000020f124951b0, 0x0000020f12495680, 0x0000020f124964f0, 0x0000020f12490e50,
0x0000020f124917f0, 0x0000020f124969c0, 0x0000020f12494810, 0x0000020f12491cc0
}

Java Threads: ( => current thread )
  0x0000020f0c706300 JavaThread "Reference Handler" daemon [_thread_blocked, id=27760, stack(0x0000008eddb00000,0x0000008eddc00000)]
  0x0000020f0c706f60 JavaThread "Finalizer" daemon [_thread_blocked, id=1304, stack(0x0000008eddc00000,0x0000008eddd00000)]
  0x0000020f0c7238e0 JavaThread "Signal Dispatcher" daemon [_thread_blocked, id=208, stack(0x0000008eddd00000,0x0000008edde00000)]
  0x0000020f0c724280 JavaThread "Attach Listener" daemon [_thread_blocked, id=9704, stack(0x0000008edde00000,0x0000008eddf00000)]
  0x0000020f0c724c20 JavaThread "Service Thread" daemon [_thread_blocked, id=9436, stack(0x0000008eddf00000,0x0000008ede000000)]
  0x0000020f0c7255c0 JavaThread "Monitor Deflation Thread" daemon [_thread_blocked, id=23852, stack(0x0000008ede000000,0x0000008ede100000)]
=>0x0000020f0c726290 JavaThread "C2 CompilerThread0" daemon [_thread_in_native, id=24344, stack(0x0000008ede100000,0x0000008ede200000)]
  0x0000020f0c730c90 JavaThread "C1 CompilerThread0" daemon [_thread_blocked, id=17840, stack(0x0000008ede200000,0x0000008ede300000)]
  0x0000020f0c735a90 JavaThread "Sweeper thread" daemon [_thread_blocked, id=27352, stack(0x0000008ede300000,0x0000008ede400000)]
  0x0000020f1099f790 JavaThread "Common-Cleaner" daemon [_thread_blocked, id=15300, stack(0x0000008ede400000,0x0000008ede500000)]
  0x0000020f10b9e760 JavaThread "Monitor Ctrl-Break" daemon [_thread_in_native, id=25644, stack(0x0000008ede600000,0x0000008ede700000)]
  0x0000020f10b81c70 JavaThread "Notification Thread" daemon [_thread_blocked, id=27224, stack(0x0000008ede700000,0x0000008ede800000)]
  0x0000020f1326fae0 JavaThread "Catalina-utility-1" [_thread_blocked, id=26040, stack(0x0000008edf500000,0x0000008edf600000)]
  0x0000020f136f5e20 JavaThread "Catalina-utility-2" [_thread_blocked, id=12284, stack(0x0000008edf600000,0x0000008edf700000)]
  0x0000020f133e6840 JavaThread "container-0" [_thread_blocked, id=24824, stack(0x0000008edf700000,0x0000008edf800000)]
  0x0000020f0c6f0300 JavaThread "mysql-cj-abandoned-connection-cleanup" daemon [_thread_blocked, id=26292, stack(0x0000008edf800000,0x0000008edf900000)]
  0x0000020f0c6eefc0 JavaThread "HikariPool-1 housekeeper" daemon [_thread_blocked, id=24688, stack(0x0000008edfa00000,0x0000008edfb00000)]
  0x0000020f0c6efe30 JavaThread "http-nio-8080-exec-1" daemon [_thread_blocked, id=10900, stack(0x0000008edfc00000,0x0000008edfd00000)]
  0x0000020f0c6eeaf0 JavaThread "http-nio-8080-exec-2" daemon [_thread_blocked, id=23232, stack(0x0000008edfd00000,0x0000008edfe00000)]
  0x0000020f0c6ef490 JavaThread "http-nio-8080-exec-3" daemon [_thread_blocked, id=29536, stack(0x0000008edfe00000,0x0000008edff00000)]
  0x0000020f12492190 JavaThread "http-nio-8080-exec-4" daemon [_thread_blocked, id=26468, stack(0x0000008edff00000,0x0000008ee0000000)]
  0x0000020f12496020 JavaThread "http-nio-8080-exec-5" daemon [_thread_blocked, id=28908, stack(0x0000008ee0000000,0x0000008ee0100000)]
  0x0000020f124934d0 JavaThread "http-nio-8080-exec-6" daemon [_thread_blocked, id=16388, stack(0x0000008ee0100000,0x0000008ee0200000)]
  0x0000020f12492b30 JavaThread "http-nio-8080-exec-7" daemon [_thread_blocked, id=28040, stack(0x0000008ee0200000,0x0000008ee0300000)]
  0x0000020f124951b0 JavaThread "http-nio-8080-exec-8" daemon [_thread_blocked, id=28884, stack(0x0000008ee0300000,0x0000008ee0400000)]
  0x0000020f12495680 JavaThread "http-nio-8080-exec-9" daemon [_thread_blocked, id=28300, stack(0x0000008ee0400000,0x0000008ee0500000)]
  0x0000020f124964f0 JavaThread "http-nio-8080-exec-10" daemon [_thread_blocked, id=11336, stack(0x0000008ee0500000,0x0000008ee0600000)]
  0x0000020f12490e50 JavaThread "http-nio-8080-Poller" daemon [_thread_in_native, id=22536, stack(0x0000008ee0600000,0x0000008ee0700000)]
  0x0000020f124917f0 JavaThread "http-nio-8080-Acceptor" daemon [_thread_in_native, id=29140, stack(0x0000008ee0700000,0x0000008ee0800000)]
  0x0000020f124969c0 JavaThread "DestroyJavaVM" [_thread_blocked, id=9116, stack(0x0000008edd400000,0x0000008edd500000)]
  0x0000020f12494810 JavaThread "HikariPool-1 connection closer" daemon [_thread_blocked, id=1740, stack(0x0000008edd100000,0x0000008edd200000)]
  0x0000020f12491cc0 JavaThread "HikariPool-1 connection adder" daemon [_thread_blocked, id=9276, stack(0x0000008edd200000,0x0000008edd300000)]

Other Threads:
  0x0000020f69498140 VMThread "VM Thread" [stack: 0x0000008edda00000,0x0000008eddb00000] [id=5336]
  0x0000020f10b82130 WatcherThread "VM Periodic Task Thread" [stack: 0x0000008ede800000,0x0000008ede900000] [id=5908]
  0x0000020f6946e2c0 WorkerThread "GC Thread#0" [stack: 0x0000008edd500000,0x0000008edd600000] [id=25560]
  0x0000020f116cd080 WorkerThread "GC Thread#1" [stack: 0x0000008ede900000,0x0000008edea00000] [id=28804]
  0x0000020f116cd320 WorkerThread "GC Thread#2" [stack: 0x0000008edea00000,0x0000008edeb00000] [id=3912]
  0x0000020f116cffb0 WorkerThread "GC Thread#3" [stack: 0x0000008edeb00000,0x0000008edec00000] [id=22872]
  0x0000020f116d0250 WorkerThread "GC Thread#4" [stack: 0x0000008edec00000,0x0000008eded00000] [id=1388]
  0x0000020f116d04f0 WorkerThread "GC Thread#5" [stack: 0x0000008eded00000,0x0000008edee00000] [id=26568]
  0x0000020f117b6760 WorkerThread "GC Thread#6" [stack: 0x0000008edef00000,0x0000008edf000000] [id=28636]
  0x0000020f117b4fc0 WorkerThread "GC Thread#7" [stack: 0x0000008edf000000,0x0000008edf100000] [id=14308]
  0x0000020f117b4d20 WorkerThread "GC Thread#8" [stack: 0x0000008edf100000,0x0000008edf200000] [id=28920]
  0x0000020f117b57a0 WorkerThread "GC Thread#9" [stack: 0x0000008edf200000,0x0000008edf300000] [id=28712]
  0x0000020f6947f130 ConcurrentGCThread "G1 Main Marker" [stack: 0x0000008edd600000,0x0000008edd700000] [id=26168]
  0x0000020f69480b30 WorkerThread "G1 Conc#0" [stack: 0x0000008edd700000,0x0000008edd800000] [id=29632]
  0x0000020f117b5a40 WorkerThread "G1 Conc#1" [stack: 0x0000008edee00000,0x0000008edef00000] [id=24076]
  0x0000020f117b5ce0 WorkerThread "G1 Conc#2" [stack: 0x0000008edf400000,0x0000008edf500000] [id=27740]
  0x0000020f0c5c0b40 ConcurrentGCThread "G1 Refine#0" [stack: 0x0000008edd800000,0x0000008edd900000] [id=26744]
  0x0000020f0c5c1360 ConcurrentGCThread "G1 Service" [stack: 0x0000008edd900000,0x0000008edda00000] [id=29656]

Threads with active compile tasks:
C2 CompilerThread0  304248882 6688   !   4       java.util.concurrent.FutureTask::run (123 bytes)

VM state: not at safepoint (normal execution)

VM Mutex/Monitor currently owned by a thread: None

Heap address: 0x0000000700c00000, size: 4084 MB, Compressed Oops mode: Zero based, Oop shift amount: 3

CDS archive(s) mapped at: [0x0000000800000000-0x0000000800ba0000-0x0000000800ba0000), size 12189696, SharedBaseAddress: 0x0000000800000000, ArchiveRelocationMode: 0.
Compressed class space mapped at: 0x0000000800c00000-0x0000000840c00000, reserved size: 1073741824
Narrow klass base: 0x0000000800000000, Narrow klass shift: 0, Narrow klass range: 0x100000000

GC Precious Log:
 CardTable entry size: 512
 Card Set container configuration: InlinePtr #cards 4 size 8 Array Of Cards #cards 16 size 48 Howl #buckets 8 coarsen threshold 3686 Howl Bitmap #cards 512 size 80 coarsen threshold 460 Card regions per heap region 1 cards per card region 4096
 CPUs: 12 total, 12 available
 Memory: 16334M
 Large Page Support: Disabled
 NUMA Support: Disabled
 Compressed Oops: Enabled (Zero based)
 Heap Region Size: 2M
 Heap Min Capacity: 8M
 Heap Initial Capacity: 256M
 Heap Max Capacity: 4084M
 Pre-touch: Disabled
 Parallel Workers: 10
 Concurrent Workers: 3
 Concurrent Refinement Workers: 10
 Periodic GC: Disabled

Heap:
 garbage-first heap   total 75776K, used 35447K [0x0000000700c00000, 0x0000000800000000)
  region size 2048K, 7 young (14336K), 2 survivors (4096K)
 Metaspace       used 57430K, committed 58048K, reserved 1114112K
  class space    used 7519K, committed 7808K, reserved 1048576K

Heap Regions: E=young(eden), S=young(survivor), O=old, HS=humongous(starts), HC=humongous(continues), CS=collection set, F=free, OA=open archive, CA=closed archive, TAMS=top-at-mark-start (previous, next)
|   0|0x0000000700c00000, 0x0000000700e00000, 0x0000000700e00000|100%| O|  |TAMS 0x0000000700e00000, 0x0000000700c00000| Untracked 
|   1|0x0000000700e00000, 0x0000000701000000, 0x0000000701000000|100%| O|  |TAMS 0x0000000701000000, 0x0000000700e00000| Untracked 
|   2|0x0000000701000000, 0x0000000701200000, 0x0000000701200000|100%| O|  |TAMS 0x0000000701200000, 0x0000000701000000| Untracked 
|   3|0x0000000701200000, 0x0000000701400000, 0x0000000701400000|100%| O|  |TAMS 0x0000000701200000, 0x0000000701200000| Untracked 
|   4|0x0000000701400000, 0x0000000701600000, 0x0000000701600000|100%| O|  |TAMS 0x0000000701600000, 0x0000000701400000| Untracked 
|   5|0x0000000701600000, 0x0000000701800000, 0x0000000701800000|100%| O|  |TAMS 0x0000000701800000, 0x0000000701600000| Untracked 
|   6|0x0000000701800000, 0x0000000701a00000, 0x0000000701a00000|100%| O|  |TAMS 0x0000000701a00000, 0x0000000701800000| Untracked 
|   7|0x0000000701a00000, 0x0000000701c00000, 0x0000000701c00000|100%| O|  |TAMS 0x0000000701c00000, 0x0000000701a00000| Untracked 
|   8|0x0000000701c00000, 0x0000000701e00000, 0x0000000701e00000|100%| O|  |TAMS 0x0000000701c00000, 0x0000000701c00000| Untracked 
|   9|0x0000000701e00000, 0x0000000702000000, 0x0000000702000000|100%| O|  |TAMS 0x0000000701e00000, 0x0000000701e00000| Untracked 
|  10|0x0000000702000000, 0x0000000702200000, 0x0000000702200000|100%| O|  |TAMS 0x0000000702000000, 0x0000000702000000| Untracked 
|  11|0x0000000702200000, 0x00000007023d2600, 0x0000000702400000| 91%| O|  |TAMS 0x0000000702200000, 0x0000000702200000| Untracked 
|  12|0x0000000702400000, 0x0000000702400000, 0x0000000702600000|  0%| F|  |TAMS 0x0000000702400000, 0x0000000702400000| Untracked 
|  13|0x0000000702600000, 0x0000000702600000, 0x0000000702800000|  0%| F|  |TAMS 0x0000000702600000, 0x0000000702600000| Untracked 
|  14|0x0000000702800000, 0x0000000702800000, 0x0000000702a00000|  0%| F|  |TAMS 0x0000000702800000, 0x0000000702800000| Untracked 
|  15|0x0000000702a00000, 0x0000000702a00000, 0x0000000702c00000|  0%| F|  |TAMS 0x0000000702a00000, 0x0000000702a00000| Untracked 
|  16|0x0000000702c00000, 0x0000000702c00000, 0x0000000702e00000|  0%| F|  |TAMS 0x0000000702c00000, 0x0000000702c00000| Untracked 
|  17|0x0000000702e00000, 0x0000000702e00000, 0x0000000703000000|  0%| F|  |TAMS 0x0000000702e00000, 0x0000000702e00000| Untracked 
|  18|0x0000000703000000, 0x0000000703000000, 0x0000000703200000|  0%| F|  |TAMS 0x0000000703000000, 0x0000000703000000| Untracked 
|  19|0x0000000703200000, 0x00000007032cb960, 0x0000000703400000| 39%| S|CS|TAMS 0x0000000703200000, 0x0000000703200000| Complete 
|  20|0x0000000703400000, 0x0000000703600000, 0x0000000703600000|100%| S|CS|TAMS 0x0000000703400000, 0x0000000703400000| Complete 
|  21|0x0000000703600000, 0x0000000703600000, 0x0000000703800000|  0%| F|  |TAMS 0x0000000703600000, 0x0000000703600000| Untracked 
|  22|0x0000000703800000, 0x0000000703800000, 0x0000000703a00000|  0%| F|  |TAMS 0x0000000703800000, 0x0000000703800000| Untracked 
|  23|0x0000000703a00000, 0x0000000703a00000, 0x0000000703c00000|  0%| F|  |TAMS 0x0000000703a00000, 0x0000000703a00000| Untracked 
|  24|0x0000000703c00000, 0x0000000703c00000, 0x0000000703e00000|  0%| F|  |TAMS 0x0000000703c00000, 0x0000000703c00000| Untracked 
|  25|0x0000000703e00000, 0x0000000703e00000, 0x0000000704000000|  0%| F|  |TAMS 0x0000000703e00000, 0x0000000703e00000| Untracked 
|  26|0x0000000704000000, 0x0000000704000000, 0x0000000704200000|  0%| F|  |TAMS 0x0000000704000000, 0x0000000704000000| Untracked 
|  27|0x0000000704200000, 0x0000000704200000, 0x0000000704400000|  0%| F|  |TAMS 0x0000000704200000, 0x0000000704200000| Untracked 
|  28|0x0000000704400000, 0x0000000704400000, 0x0000000704600000|  0%| F|  |TAMS 0x0000000704400000, 0x0000000704400000| Untracked 
|  29|0x0000000704600000, 0x0000000704600000, 0x0000000704800000|  0%| F|  |TAMS 0x0000000704600000, 0x0000000704600000| Untracked 
|  30|0x0000000704800000, 0x0000000704800000, 0x0000000704a00000|  0%| F|  |TAMS 0x0000000704800000, 0x0000000704800000| Untracked 
|  31|0x0000000704a00000, 0x0000000704a00000, 0x0000000704c00000|  0%| F|  |TAMS 0x0000000704a00000, 0x0000000704a00000| Untracked 
|  32|0x0000000704c00000, 0x0000000704c50478, 0x0000000704e00000| 15%| E|  |TAMS 0x0000000704c00000, 0x0000000704c00000| Complete 
|  33|0x0000000704e00000, 0x0000000705000000, 0x0000000705000000|100%| E|CS|TAMS 0x0000000704e00000, 0x0000000704e00000| Complete 
|  72|0x0000000709c00000, 0x0000000709e00000, 0x0000000709e00000|100%| E|CS|TAMS 0x0000000709c00000, 0x0000000709c00000| Complete 
|  73|0x0000000709e00000, 0x000000070a000000, 0x000000070a000000|100%| E|CS|TAMS 0x0000000709e00000, 0x0000000709e00000| Complete 
| 127|0x0000000710a00000, 0x0000000710c00000, 0x0000000710c00000|100%| E|CS|TAMS 0x0000000710a00000, 0x0000000710a00000| Complete 

Card table byte_map: [0x0000020f00b40000,0x0000020f01340000] _byte_map_base: 0x0000020efd33a000

Marking Bits (Prev, Next): (CMBitMap*) 0x0000020f6946e8c0, (CMBitMap*) 0x0000020f6946e900
 Prev Bits: [0x0000020f01b40000, 0x0000020f05b10000)
 Next Bits: [0x0000020f05b10000, 0x0000020f09ae0000)

Polling page: 0x0000020f68bb0000

Metaspace:

Usage:
  Non-class:     48.74 MB used.
      Class:      7.34 MB used.
       Both:     56.08 MB used.

Virtual space:
  Non-class space:       64.00 MB reserved,      49.06 MB ( 77%) committed,  1 nodes.
      Class space:        1.00 GB reserved,       7.62 MB ( <1%) committed,  1 nodes.
             Both:        1.06 GB reserved,      56.69 MB (  5%) committed. 

Chunk freelists:
   Non-Class:  2.34 MB
       Class:  418.00 KB
        Both:  2.75 MB

MaxMetaspaceSize: unlimited
CompressedClassSpaceSize: 1.00 GB
Initial GC threshold: 21.00 MB
Current GC threshold: 59.06 MB
CDS: on
MetaspaceReclaimPolicy: balanced
 - commit_granule_bytes: 65536.
 - commit_granule_words: 8192.
 - virtual_space_node_default_size: 8388608.
 - enlarge_chunks_in_place: 1.
 - new_chunks_are_fully_committed: 0.
 - uncommit_free_chunks: 1.
 - use_allocation_guard: 0.


Internal statistics:

num_allocs_failed_limit: 6.
num_arena_births: 864.
num_arena_deaths: 0.
num_vsnodes_births: 2.
num_vsnodes_deaths: 0.
num_space_committed: 907.
num_space_uncommitted: 0.
num_chunks_returned_to_freelist: 6.
num_chunks_taken_from_freelist: 2925.
num_chunk_merges: 6.
num_chunk_splits: 2123.
num_chunks_enlarged: 1711.
num_inconsistent_stats: 0.

CodeHeap 'non-profiled nmethods': size=120000Kb used=3899Kb max_used=3899Kb free=116100Kb
 bounds [0x0000020f787f0000, 0x0000020f78bc0000, 0x0000020f7fd20000]
CodeHeap 'profiled nmethods': size=120000Kb used=11990Kb max_used=11990Kb free=108009Kb
 bounds [0x0000020f712c0000, 0x0000020f71e80000, 0x0000020f787f0000]
CodeHeap 'non-nmethods': size=5760Kb used=1323Kb max_used=1375Kb free=4436Kb
 bounds [0x0000020f70d20000, 0x0000020f70f90000, 0x0000020f712c0000]
 total_blobs=6418 nmethods=5777 adapters=553
 compilation: enabled
              stopped_count=0, restarted_count=0
 full_count=0

Compilation events (20 events):
Event: 287664.953 Thread 0x0000020f0c726290 nmethod 6678 0x0000020f78bba810 code [0x0000020f78bbaa20, 0x0000020f78bbb2e0]
Event: 288267.755 Thread 0x0000020f0c726290 6679       4       java.util.concurrent.ConcurrentHashMap::tableSizeFor (32 bytes)
Event: 288267.755 Thread 0x0000020f0c726290 nmethod 6679 0x0000020f78bbba90 code [0x0000020f78bbbc00, 0x0000020f78bbbc98]
Event: 290065.640 Thread 0x0000020f0c726290 6680       4       java.util.HashMap$HashIterator::<init> (79 bytes)
Event: 290065.643 Thread 0x0000020f0c726290 nmethod 6680 0x0000020f78bbbd90 code [0x0000020f78bbbf20, 0x0000020f78bbc2d8]
Event: 293148.193 Thread 0x0000020f0c726290 6681   !   4       java.net.URLDecoder::decode (306 bytes)
Event: 293148.199 Thread 0x0000020f0c726290 nmethod 6681 0x0000020f78bbc410 code [0x0000020f78bbc600, 0x0000020f78bbcd30]
Event: 294871.214 Thread 0x0000020f0c730c90 6682 % !   3       com.mysql.cj.jdbc.AbandonedConnectionCleanupThread::run @ 0 (97 bytes)
Event: 294871.230 Thread 0x0000020f0c730c90 nmethod 6682% 0x0000020f71e73310 code [0x0000020f71e73740, 0x0000020f71e756e8]
Event: 296714.973 Thread 0x0000020f0c726290 6683       4       java.util.HashMap$EntrySpliterator::forEachRemaining (183 bytes)
Event: 296714.978 Thread 0x0000020f0c726290 nmethod 6683 0x0000020f78bbd390 code [0x0000020f78bbd540, 0x0000020f78bbdc88]
Event: 298671.065 Thread 0x0000020f0c726290 6684       4       java.util.stream.Collectors::toCollection (22 bytes)
Event: 298671.066 Thread 0x0000020f0c726290 nmethod 6684 0x0000020f78bbe210 code [0x0000020f78bbe3a0, 0x0000020f78bbe478]
Event: 299870.675 Thread 0x0000020f0c730c90 6685   !   3       com.mysql.cj.jdbc.AbandonedConnectionCleanupThread::run (97 bytes)
Event: 299870.677 Thread 0x0000020f0c730c90 nmethod 6685 0x0000020f71e76610 code [0x0000020f71e76a40, 0x0000020f71e78968]
Event: 302271.624 Thread 0x0000020f0c726290 6686       4       java.lang.AbstractStringBuilder::appendNull (83 bytes)
Event: 302271.626 Thread 0x0000020f0c726290 nmethod 6686 0x0000020f78bbe590 code [0x0000020f78bbe720, 0x0000020f78bbea18]
Event: 303846.945 Thread 0x0000020f0c726290 6687       4       java.lang.Thread::getContextClassLoader (32 bytes)
Event: 303846.946 Thread 0x0000020f0c726290 nmethod 6687 0x0000020f78bbec10 code [0x0000020f78bbed80, 0x0000020f78bbedf8]
Event: 304248.729 Thread 0x0000020f0c726290 6688   !   4       java.util.concurrent.FutureTask::run (123 bytes)

GC Heap History (20 events):
Event: 115645.497 GC heap before
{Heap before GC invocations=17 (full 0):
 garbage-first heap   total 75776K, used 57875K [0x0000000700c00000, 0x0000000800000000)
  region size 2048K, 17 young (34816K), 2 survivors (4096K)
 Metaspace       used 57289K, committed 57920K, reserved 1114112K
  class space    used 7519K, committed 7808K, reserved 1048576K
}
Event: 115645.517 GC heap after
{Heap after GC invocations=18 (full 0):
 garbage-first heap   total 75776K, used 26899K [0x0000000700c00000, 0x0000000800000000)
  region size 2048K, 2 young (4096K), 2 survivors (4096K)
 Metaspace       used 57289K, committed 57920K, reserved 1114112K
  class space    used 7519K, committed 7808K, reserved 1048576K
}
Event: 136910.262 GC heap before
{Heap before GC invocations=18 (full 0):
 garbage-first heap   total 75776K, used 57619K [0x0000000700c00000, 0x0000000800000000)
  region size 2048K, 17 young (34816K), 2 survivors (4096K)
 Metaspace       used 57332K, committed 57984K, reserved 1114112K
  class space    used 7519K, committed 7808K, reserved 1048576K
}
Event: 136910.291 GC heap after
{Heap after GC invocations=19 (full 0):
 garbage-first heap   total 75776K, used 27049K [0x0000000700c00000, 0x0000000800000000)
  region size 2048K, 2 young (4096K), 2 survivors (4096K)
 Metaspace       used 57332K, committed 57984K, reserved 1114112K
  class space    used 7519K, committed 7808K, reserved 1048576K
}
Event: 156310.713 GC heap before
{Heap before GC invocations=19 (full 0):
 garbage-first heap   total 75776K, used 57769K [0x0000000700c00000, 0x0000000800000000)
  region size 2048K, 17 young (34816K), 2 survivors (4096K)
 Metaspace       used 57332K, committed 57984K, reserved 1114112K
  class space    used 7519K, committed 7808K, reserved 1048576K
}
Event: 156310.731 GC heap after
{Heap after GC invocations=20 (full 0):
 garbage-first heap   total 75776K, used 26896K [0x0000000700c00000, 0x0000000800000000)
  region size 2048K, 2 young (4096K), 2 survivors (4096K)
 Metaspace       used 57332K, committed 57984K, reserved 1114112K
  class space    used 7519K, committed 7808K, reserved 1048576K
}
Event: 174385.033 GC heap before
{Heap before GC invocations=20 (full 0):
 garbage-first heap   total 75776K, used 57616K [0x0000000700c00000, 0x0000000800000000)
  region size 2048K, 17 young (34816K), 2 survivors (4096K)
 Metaspace       used 57357K, committed 57984K, reserved 1114112K
  class space    used 7519K, committed 7808K, reserved 1048576K
}
Event: 174385.035 GC heap after
{Heap after GC invocations=21 (full 0):
 garbage-first heap   total 75776K, used 26893K [0x0000000700c00000, 0x0000000800000000)
  region size 2048K, 2 young (4096K), 2 survivors (4096K)
 Metaspace       used 57357K, committed 57984K, reserved 1114112K
  class space    used 7519K, committed 7808K, reserved 1048576K
}
Event: 193714.447 GC heap before
{Heap before GC invocations=21 (full 0):
 garbage-first heap   total 75776K, used 57613K [0x0000000700c00000, 0x0000000800000000)
  region size 2048K, 17 young (34816K), 2 survivors (4096K)
 Metaspace       used 57376K, committed 57984K, reserved 1114112K
  class space    used 7519K, committed 7808K, reserved 1048576K
}
Event: 193714.462 GC heap after
{Heap after GC invocations=22 (full 0):
 garbage-first heap   total 75776K, used 26819K [0x0000000700c00000, 0x0000000800000000)
  region size 2048K, 2 young (4096K), 2 survivors (4096K)
 Metaspace       used 57376K, committed 57984K, reserved 1114112K
  class space    used 7519K, committed 7808K, reserved 1048576K
}
Event: 211688.375 GC heap before
{Heap before GC invocations=22 (full 0):
 garbage-first heap   total 75776K, used 57539K [0x0000000700c00000, 0x0000000800000000)
  region size 2048K, 17 young (34816K), 2 survivors (4096K)
 Metaspace       used 57389K, committed 58048K, reserved 1114112K
  class space    used 7519K, committed 7808K, reserved 1048576K
}
Event: 211688.377 GC heap after
{Heap after GC invocations=23 (full 0):
 garbage-first heap   total 75776K, used 26829K [0x0000000700c00000, 0x0000000800000000)
  region size 2048K, 2 young (4096K), 2 survivors (4096K)
 Metaspace       used 57389K, committed 58048K, reserved 1114112K
  class space    used 7519K, committed 7808K, reserved 1048576K
}
Event: 230708.709 GC heap before
{Heap before GC invocations=23 (full 0):
 garbage-first heap   total 75776K, used 59597K [0x0000000700c00000, 0x0000000800000000)
  region size 2048K, 18 young (36864K), 2 survivors (4096K)
 Metaspace       used 57405K, committed 58048K, reserved 1114112K
  class space    used 7519K, committed 7808K, reserved 1048576K
}
Event: 230708.721 GC heap after
{Heap after GC invocations=24 (full 0):
 garbage-first heap   total 75776K, used 26813K [0x0000000700c00000, 0x0000000800000000)
  region size 2048K, 2 young (4096K), 2 survivors (4096K)
 Metaspace       used 57405K, committed 58048K, reserved 1114112K
  class space    used 7519K, committed 7808K, reserved 1048576K
}
Event: 253099.672 GC heap before
{Heap before GC invocations=24 (full 0):
 garbage-first heap   total 75776K, used 59581K [0x0000000700c00000, 0x0000000800000000)
  region size 2048K, 18 young (36864K), 2 survivors (4096K)
 Metaspace       used 57420K, committed 58048K, reserved 1114112K
  class space    used 7519K, committed 7808K, reserved 1048576K
}
Event: 253099.674 GC heap after
{Heap after GC invocations=25 (full 0):
 garbage-first heap   total 75776K, used 27264K [0x0000000700c00000, 0x0000000800000000)
  region size 2048K, 2 young (4096K), 2 survivors (4096K)
 Metaspace       used 57420K, committed 58048K, reserved 1114112K
  class space    used 7519K, committed 7808K, reserved 1048576K
}
Event: 275861.201 GC heap before
{Heap before GC invocations=25 (full 0):
 garbage-first heap   total 75776K, used 60032K [0x0000000700c00000, 0x0000000800000000)
  region size 2048K, 18 young (36864K), 2 survivors (4096K)
 Metaspace       used 57427K, committed 58048K, reserved 1114112K
  class space    used 7519K, committed 7808K, reserved 1048576K
}
Event: 275861.221 GC heap after
{Heap after GC invocations=26 (full 0):
 garbage-first heap   total 75776K, used 27255K [0x0000000700c00000, 0x0000000800000000)
  region size 2048K, 2 young (4096K), 2 survivors (4096K)
 Metaspace       used 57427K, committed 58048K, reserved 1114112K
  class space    used 7519K, committed 7808K, reserved 1048576K
}
Event: 299870.672 GC heap before
{Heap before GC invocations=26 (full 0):
 garbage-first heap   total 75776K, used 60023K [0x0000000700c00000, 0x0000000800000000)
  region size 2048K, 18 young (36864K), 2 survivors (4096K)
 Metaspace       used 57430K, committed 58048K, reserved 1114112K
  class space    used 7519K, committed 7808K, reserved 1048576K
}
Event: 299870.674 GC heap after
{Heap after GC invocations=27 (full 0):
 garbage-first heap   total 75776K, used 27255K [0x0000000700c00000, 0x0000000800000000)
  region size 2048K, 2 young (4096K), 2 survivors (4096K)
 Metaspace       used 57430K, committed 58048K, reserved 1114112K
  class space    used 7519K, committed 7808K, reserved 1048576K
}

Deoptimization events (20 events):
Event: 56884.110 Thread 0x0000020f124939a0 DEOPT PACKING pc=0x0000020f78b257f0 sp=0x0000008ede5fef20
Event: 56884.110 Thread 0x0000020f124939a0 DEOPT UNPACKING pc=0x0000020f70d723a3 sp=0x0000008ede5fee88 mode 2
Event: 56891.272 Thread 0x0000020f124939a0 DEOPT PACKING pc=0x0000020f71366886 sp=0x0000008ede5fee80
Event: 56891.272 Thread 0x0000020f124939a0 DEOPT UNPACKING pc=0x0000020f70d72b43 sp=0x0000008ede5fe398 mode 0
Event: 56924.522 Thread 0x0000020f124939a0 Uncommon trap: trap_request=0xfffffff4 fr.pc=0x0000020f78b0ecac relative=0x000000000000260c
Event: 56924.522 Thread 0x0000020f124939a0 Uncommon trap: reason=null_check action=make_not_entrant pc=0x0000020f78b0ecac method=com.mysql.cj.jdbc.JdbcPropertySetImpl.postInitialization()V @ 50 c2
Event: 56924.522 Thread 0x0000020f124939a0 DEOPT PACKING pc=0x0000020f78b0ecac sp=0x0000008ede5fe830
Event: 56924.522 Thread 0x0000020f124939a0 DEOPT UNPACKING pc=0x0000020f70d723a3 sp=0x0000008ede5fe788 mode 2
Event: 56990.032 Thread 0x0000020f12494ce0 DEOPT PACKING pc=0x0000020f71c4c0ba sp=0x0000008edd2feb50
Event: 56990.032 Thread 0x0000020f12494ce0 DEOPT UNPACKING pc=0x0000020f70d72b43 sp=0x0000008edd2fe060 mode 0
Event: 60427.676 Thread 0x0000020f136f5e20 DEOPT PACKING pc=0x0000020f71d03047 sp=0x0000008edf6fee00
Event: 60427.676 Thread 0x0000020f136f5e20 DEOPT UNPACKING pc=0x0000020f70d72b43 sp=0x0000008edf6fe378 mode 0
Event: 73110.676 Thread 0x0000020f1326fae0 DEOPT PACKING pc=0x0000020f71d03047 sp=0x0000008edf5ff1c0
Event: 73110.676 Thread 0x0000020f1326fae0 DEOPT UNPACKING pc=0x0000020f70d72b43 sp=0x0000008edf5fe738 mode 0
Event: 106741.865 Thread 0x0000020f12494810 DEOPT PACKING pc=0x0000020f71ae3e25 sp=0x0000008edd3fe900
Event: 106741.865 Thread 0x0000020f12494810 DEOPT UNPACKING pc=0x0000020f70d72b43 sp=0x0000008edd3fddb0 mode 0
Event: 110419.760 Thread 0x0000020f12490e50 DEOPT PACKING pc=0x0000020f71d1b0c0 sp=0x0000008ee06ff410
Event: 110419.760 Thread 0x0000020f12490e50 DEOPT UNPACKING pc=0x0000020f70d72b43 sp=0x0000008ee06fe938 mode 0
Event: 259651.570 Thread 0x0000020f0c6eefc0 DEOPT PACKING pc=0x0000020f71d03047 sp=0x0000008edfafee50
Event: 259651.570 Thread 0x0000020f0c6eefc0 DEOPT UNPACKING pc=0x0000020f70d72b43 sp=0x0000008edfafe3c8 mode 0

Classes loaded (20 events):
Event: 1761.181 Loading class java/security/PrivateKey
Event: 1761.181 Loading class java/security/Key
Event: 1761.181 Loading class java/security/Key done
Event: 1761.181 Loading class javax/security/auth/Destroyable
Event: 1761.181 Loading class javax/security/auth/Destroyable done
Event: 1761.181 Loading class java/security/PrivateKey done
Event: 1761.181 Loading class javax/crypto/NoSuchPaddingException
Event: 1761.182 Loading class javax/crypto/NoSuchPaddingException done
Event: 1761.182 Loading class javax/crypto/IllegalBlockSizeException
Event: 1761.182 Loading class javax/crypto/IllegalBlockSizeException done
Event: 1761.182 Loading class javax/crypto/BadPaddingException
Event: 1761.182 Loading class javax/crypto/BadPaddingException done
Event: 1761.182 Loading class java/security/spec/InvalidKeySpecException
Event: 1761.182 Loading class java/security/spec/InvalidKeySpecException done
Event: 1761.182 Loading class java/security/spec/KeySpec
Event: 1761.182 Loading class java/security/spec/KeySpec done
Event: 1761.182 Loading class javax/net/ssl/SSLSocket
Event: 1761.183 Loading class javax/net/ssl/SSLSocket done
Event: 3547.117 Loading class jdk/internal/access/foreign/MemorySegmentProxy
Event: 3547.119 Loading class jdk/internal/access/foreign/MemorySegmentProxy done

Classes unloaded (0 events):
No events

Classes redefined (0 events):
No events

Internal exceptions (20 events):
Event: 4.953 Thread 0x0000020f693fb5f0 Exception <a 'java/lang/IncompatibleClassChangeError'{0x00000007046fa870}: Found class java.lang.Object, but interface was expected> (0x00000007046fa870) 
thrown [s\open\src\hotspot\share\interpreter\linkResolver.cpp, line 826]
Event: 4.977 Thread 0x0000020f693fb5f0 Exception <a 'java/lang/IncompatibleClassChangeError'{0x000000070444d130}: Found class java.lang.Object, but interface was expected> (0x000000070444d130) 
thrown [s\open\src\hotspot\share\interpreter\linkResolver.cpp, line 826]
Event: 5.104 Thread 0x0000020f693fb5f0 Exception <a 'java/lang/IncompatibleClassChangeError'{0x0000000703e4e980}: Found class java.lang.Object, but interface was expected> (0x0000000703e4e980) 
thrown [s\open\src\hotspot\share\interpreter\linkResolver.cpp, line 826]
Event: 5.208 Thread 0x0000020f693fb5f0 Exception <a 'java/lang/NoSuchMethodError'{0x0000000703921ad0}: 'java.lang.Object java.lang.invoke.DirectMethodHandle$Holder.newInvokeSpecial(java.lang.Object, java.lang.Object, java.lang.Object, java.lang.Object, java.lang.Object, java.lang.Object, java.lang.Object, java.lang.Object)'> (0x0000000703921ad0) 
thrown [s\open\src\hotspot\share\interpreter\linkResolver.cpp, line 759]
Event: 5.357 Thread 0x0000020f693fb5f0 Exception <a 'sun/nio/fs/WindowsException'{0x00000007033ece38}> (0x00000007033ece38) 
thrown [s\open\src\hotspot\share\prims\jni.cpp, line 516]
Event: 5.402 Thread 0x0000020f693fb5f0 Exception <a 'java/lang/IncompatibleClassChangeError'{0x0000000709c40eb0}: Found class java.lang.Object, but interface was expected> (0x0000000709c40eb0) 
thrown [s\open\src\hotspot\share\interpreter\linkResolver.cpp, line 826]
Event: 5.443 Thread 0x0000020f693fb5f0 Exception <a 'java/lang/NoSuchMethodError'{0x0000000709de29a0}: 'void java.lang.invoke.DirectMethodHandle$Holder.invokeVirtual(java.lang.Object, java.lang.Object, long)'> (0x0000000709de29a0) 
thrown [s\open\src\hotspot\share\interpreter\linkResolver.cpp, line 759]
Event: 5.505 Thread 0x0000020f693fb5f0 Exception <a 'java/lang/NoSuchMethodError'{0x0000000704d045b0}: 'int java.lang.invoke.DirectMethodHandle$Holder.invokeStaticInit(java.lang.Object, java.lang.Object, java.lang.Object, java.lang.Object)'> (0x0000000704d045b0) 
thrown [s\open\src\hotspot\share\interpreter\linkResolver.cpp, line 759]
Event: 5.542 Thread 0x0000020f693fb5f0 Exception <a 'java/lang/IncompatibleClassChangeError'{0x0000000704dd8c68}: Found class java.lang.Object, but interface was expected> (0x0000000704dd8c68) 
thrown [s\open\src\hotspot\share\interpreter\linkResolver.cpp, line 826]
Event: 5.551 Thread 0x0000020f693fb5f0 Implicit null exception at 0x0000020f789141da to 0x0000020f7891441c
Event: 5.629 Thread 0x0000020f693fb5f0 Exception <a 'java/lang/NoSuchMethodError'{0x0000000704617e68}: 'java.lang.Object java.lang.invoke.DirectMethodHandle$Holder.newInvokeSpecial(java.lang.Object, java.lang.Object, int, java.lang.Object, java.lang.Object)'> (0x0000000704617e68) 
thrown [s\open\src\hotspot\share\interpreter\linkResolver.cpp, line 759]
Event: 5.630 Thread 0x0000020f693fb5f0 Exception <a 'java/lang/NoSuchMethodError'{0x00000007046234e8}: 'java.lang.Object java.lang.invoke.DirectMethodHandle$Holder.invokeSpecial(java.lang.Object, java.lang.Object, int, java.lang.Object, int, java.lang.Object)'> (0x00000007046234e8) 
thrown [s\open\src\hotspot\share\interpreter\linkResolver.cpp, line 759]
Event: 5.630 Thread 0x0000020f693fb5f0 Exception <a 'java/lang/NoSuchMethodError'{0x000000070462b2f0}: 'java.lang.Object java.lang.invoke.DirectMethodHandle$Holder.newInvokeSpecial(java.lang.Object, java.lang.Object, int, java.lang.Object, int)'> (0x000000070462b2f0) 
thrown [s\open\src\hotspot\share\interpreter\linkResolver.cpp, line 759]
Event: 5.631 Thread 0x0000020f693fb5f0 Exception <a 'java/lang/NoSuchMethodError'{0x000000070462f3f8}: 'java.lang.Object java.lang.invoke.DirectMethodHandle$Holder.invokeSpecial(java.lang.Object, java.lang.Object, java.lang.Object, int, java.lang.Object, int)'> (0x000000070462f3f8) 
thrown [s\open\src\hotspot\share\interpreter\linkResolver.cpp, line 759]
Event: 5382.663 Thread 0x0000020f136f5e20 Implicit null exception at 0x0000020f78a73e94 to 0x0000020f78a74140
Event: 5383.662 Thread 0x0000020f136f5e20 Implicit null exception at 0x0000020f78a73e94 to 0x0000020f78a74140
Event: 5384.662 Thread 0x0000020f1326fae0 Implicit null exception at 0x0000020f78a73e94 to 0x0000020f78a74140
Event: 5385.663 Thread 0x0000020f1326fae0 Implicit null exception at 0x0000020f78a73e94 to 0x0000020f78a74140
Event: 56884.110 Thread 0x0000020f124939a0 Implicit null exception at 0x0000020f78b22d56 to 0x0000020f78b257e4
Event: 56924.522 Thread 0x0000020f124939a0 Implicit null exception at 0x0000020f78b0d1b3 to 0x0000020f78b0ec9c

VM Operations (20 events):
Event: 230708.709 Executing VM operation: G1CollectForAllocation
Event: 230708.721 Executing VM operation: G1CollectForAllocation done
Event: 238279.992 Executing VM operation: Cleanup
Event: 238279.992 Executing VM operation: Cleanup done
Event: 248540.865 Executing VM operation: Cleanup
Event: 248540.865 Executing VM operation: Cleanup done
Event: 249189.535 Executing VM operation: Cleanup
Event: 249189.535 Executing VM operation: Cleanup done
Event: 253099.672 Executing VM operation: G1CollectForAllocation
Event: 253099.674 Executing VM operation: G1CollectForAllocation done
Event: 272090.699 Executing VM operation: Cleanup
Event: 272090.699 Executing VM operation: Cleanup done
Event: 275861.201 Executing VM operation: G1CollectForAllocation
Event: 275861.221 Executing VM operation: G1CollectForAllocation done
Event: 287665.695 Executing VM operation: Cleanup
Event: 287665.695 Executing VM operation: Cleanup done
Event: 296870.220 Executing VM operation: Cleanup
Event: 296870.220 Executing VM operation: Cleanup done
Event: 299870.672 Executing VM operation: G1CollectForAllocation
Event: 299870.674 Executing VM operation: G1CollectForAllocation done

Events (20 events):
Event: 303862.174 Thread 0x0000020f12490980 Thread exited: 0x0000020f12490980
Event: 303862.189 Thread 0x0000020f12494340 Thread exited: 0x0000020f12494340
Event: 303973.468 Thread 0x0000020f12494340 Thread added: 0x0000020f12494340
Event: 303973.468 Thread 0x0000020f12495b50 Thread added: 0x0000020f12495b50
Event: 303978.481 Thread 0x0000020f12494340 Thread exited: 0x0000020f12494340
Event: 303978.497 Thread 0x0000020f12495b50 Thread exited: 0x0000020f12495b50
Event: 304025.704 Thread 0x0000020f12497360 Thread added: 0x0000020f12497360
Event: 304025.704 Thread 0x0000020f12494810 Thread added: 0x0000020f12494810
Event: 304030.710 Thread 0x0000020f12497360 Thread exited: 0x0000020f12497360
Event: 304030.725 Thread 0x0000020f12494810 Thread exited: 0x0000020f12494810
Event: 304032.870 Thread 0x0000020f12497360 Thread added: 0x0000020f12497360
Event: 304032.870 Thread 0x0000020f12495b50 Thread added: 0x0000020f12495b50
Event: 304042.499 Thread 0x0000020f12497360 Thread exited: 0x0000020f12497360
Event: 304042.515 Thread 0x0000020f12495b50 Thread exited: 0x0000020f12495b50
Event: 304091.786 Thread 0x0000020f12496e90 Thread added: 0x0000020f12496e90
Event: 304091.786 Thread 0x0000020f12491cc0 Thread added: 0x0000020f12491cc0
Event: 304096.793 Thread 0x0000020f12496e90 Thread exited: 0x0000020f12496e90
Event: 304096.809 Thread 0x0000020f12491cc0 Thread exited: 0x0000020f12491cc0
Event: 304248.729 Thread 0x0000020f12494810 Thread added: 0x0000020f12494810
Event: 304248.729 Thread 0x0000020f12491cc0 Thread added: 0x0000020f12491cc0


Dynamic libraries:
0x00007ff7472b0000 - 0x00007ff7472c0000 	C:\Program Files\Java\jdk-18.0.2.1\bin\java.exe
0x00007ffd2c850000 - 0x00007ffd2ca67000 	C:\WINDOWS\SYSTEM32\ntdll.dll
0x00007ffd2b7a0000 - 0x00007ffd2b864000 	C:\WINDOWS\System32\KERNEL32.DLL
0x00007ffd29df0000 - 0x00007ffd2a196000 	C:\WINDOWS\System32\KERNELBASE.dll
0x00007ffd2a480000 - 0x00007ffd2a591000 	C:\WINDOWS\System32\ucrtbase.dll
0x00007ffcf5980000 - 0x00007ffcf5998000 	C:\Program Files\Java\jdk-18.0.2.1\bin\jli.dll
0x00007ffcf28f0000 - 0x00007ffcf290a000 	C:\Program Files\Java\jdk-18.0.2.1\bin\VCRUNTIME140.dll
0x00007ffd2c640000 - 0x00007ffd2c6f1000 	C:\WINDOWS\System32\ADVAPI32.dll
0x00007ffd2c580000 - 0x00007ffd2c627000 	C:\WINDOWS\System32\msvcrt.dll
0x00007ffd2a8f0000 - 0x00007ffd2a995000 	C:\WINDOWS\System32\sechost.dll
0x00007ffd2b870000 - 0x00007ffd2b987000 	C:\WINDOWS\System32\RPCRT4.dll
0x00007ffd2c2c0000 - 0x00007ffd2c46e000 	C:\WINDOWS\System32\USER32.dll
0x00007ffd0e880000 - 0x00007ffd0eb13000 	C:\WINDOWS\WinSxS\amd64_microsoft.windows.common-controls_6595b64144ccf1df_6.0.22621.2506_none_270c5ae97388e100\COMCTL32.dll
0x00007ffd2a1a0000 - 0x00007ffd2a1c6000 	C:\WINDOWS\System32\win32u.dll
0x00007ffd2b770000 - 0x00007ffd2b799000 	C:\WINDOWS\System32\GDI32.dll
0x00007ffd29c60000 - 0x00007ffd29d78000 	C:\WINDOWS\System32\gdi32full.dll
0x00007ffd29bc0000 - 0x00007ffd29c5a000 	C:\WINDOWS\System32\msvcp_win.dll
0x00007ffd1f910000 - 0x00007ffd1f91a000 	C:\WINDOWS\SYSTEM32\VERSION.dll
0x00007ffd2a7f0000 - 0x00007ffd2a821000 	C:\WINDOWS\System32\IMM32.DLL
0x00007ffd001f0000 - 0x00007ffd001fc000 	C:\Program Files\Java\jdk-18.0.2.1\bin\vcruntime140_1.dll
0x00007ffc4fa60000 - 0x00007ffc4faed000 	C:\Program Files\Java\jdk-18.0.2.1\bin\msvcp140.dll
0x00007ffc3d710000 - 0x00007ffc3e321000 	C:\Program Files\Java\jdk-18.0.2.1\bin\server\jvm.dll
0x00007ffd2c630000 - 0x00007ffd2c638000 	C:\WINDOWS\System32\PSAPI.DLL
0x00007ffd0ef40000 - 0x00007ffd0ef49000 	C:\WINDOWS\SYSTEM32\WSOCK32.dll
0x00007ffd226e0000 - 0x00007ffd22714000 	C:\WINDOWS\SYSTEM32\WINMM.dll
0x00007ffd2aa20000 - 0x00007ffd2aa91000 	C:\WINDOWS\System32\WS2_32.dll
0x00007ffd28c70000 - 0x00007ffd28c88000 	C:\WINDOWS\SYSTEM32\kernel.appcore.dll
0x00007ffcf6550000 - 0x00007ffcf655a000 	C:\Program Files\Java\jdk-18.0.2.1\bin\jimage.dll
0x00007ffd1b880000 - 0x00007ffd1bab3000 	C:\WINDOWS\SYSTEM32\DBGHELP.DLL
0x00007ffd2b990000 - 0x00007ffd2bd19000 	C:\WINDOWS\System32\combase.dll
0x00007ffd2b450000 - 0x00007ffd2b527000 	C:\WINDOWS\System32\OLEAUT32.dll
0x00007ffd14900000 - 0x00007ffd14932000 	C:\WINDOWS\SYSTEM32\dbgcore.DLL
0x00007ffd2a400000 - 0x00007ffd2a47a000 	C:\WINDOWS\System32\bcryptPrimitives.dll
0x00007ffd1d800000 - 0x00007ffd1d80e000 	C:\Program Files\Java\jdk-18.0.2.1\bin\instrument.dll
0x00007ffc5e010000 - 0x00007ffc5e035000 	C:\Program Files\Java\jdk-18.0.2.1\bin\java.dll
0x00007ffc4f320000 - 0x00007ffc4f3f6000 	C:\Program Files\Java\jdk-18.0.2.1\bin\jsvml.dll
0x00007ffd2aaa0000 - 0x00007ffd2b2fa000 	C:\WINDOWS\System32\SHELL32.dll
0x00007ffd27aa0000 - 0x00007ffd28396000 	C:\WINDOWS\SYSTEM32\windows.storage.dll
0x00007ffd27960000 - 0x00007ffd27a9e000 	C:\WINDOWS\SYSTEM32\wintypes.dll
0x00007ffd2c710000 - 0x00007ffd2c803000 	C:\WINDOWS\System32\SHCORE.dll
0x00007ffd2c490000 - 0x00007ffd2c4ee000 	C:\WINDOWS\System32\shlwapi.dll
0x00007ffd29af0000 - 0x00007ffd29b16000 	C:\WINDOWS\SYSTEM32\profapi.dll
0x00007ffc4fd00000 - 0x00007ffc4fd18000 	C:\Program Files\Java\jdk-18.0.2.1\bin\zip.dll
0x00007ffce5590000 - 0x00007ffce55a3000 	C:\Program Files\Java\jdk-18.0.2.1\bin\net.dll
0x00007ffd22970000 - 0x00007ffd22aa7000 	C:\WINDOWS\SYSTEM32\WINHTTP.dll
0x00007ffd290e0000 - 0x00007ffd29149000 	C:\WINDOWS\system32\mswsock.dll
0x00007ffc731f0000 - 0x00007ffc73206000 	C:\Program Files\Java\jdk-18.0.2.1\bin\nio.dll
0x00007ffd17690000 - 0x00007ffd176aa000 	C:\Program Files (x86)\JetBrains\IntelliJ IDEA Community Edition 2023.2.5\bin\breakgen64.dll
0x00007ffd16750000 - 0x00007ffd1675e000 	C:\Program Files\Java\jdk-18.0.2.1\bin\sunmscapi.dll
0x00007ffd2a290000 - 0x00007ffd2a3f6000 	C:\WINDOWS\System32\CRYPT32.dll
0x00007ffd29520000 - 0x00007ffd2954d000 	C:\WINDOWS\SYSTEM32\ncrypt.dll
0x00007ffd294e0000 - 0x00007ffd29517000 	C:\WINDOWS\SYSTEM32\NTASN1.dll
0x00007ffd29430000 - 0x00007ffd2944b000 	C:\WINDOWS\SYSTEM32\CRYPTSP.dll
0x00007ffd28bd0000 - 0x00007ffd28c05000 	C:\WINDOWS\system32\rsaenh.dll
0x00007ffd29180000 - 0x00007ffd291ac000 	C:\WINDOWS\SYSTEM32\USERENV.dll
0x00007ffd29550000 - 0x00007ffd29578000 	C:\WINDOWS\SYSTEM32\bcrypt.dll
0x00007ffd29410000 - 0x00007ffd2941c000 	C:\WINDOWS\SYSTEM32\CRYPTBASE.dll
0x00007ffd28670000 - 0x00007ffd2869d000 	C:\WINDOWS\SYSTEM32\IPHLPAPI.DLL
0x00007ffd2b760000 - 0x00007ffd2b769000 	C:\WINDOWS\System32\NSI.dll
0x00007ffd22740000 - 0x00007ffd22759000 	C:\WINDOWS\SYSTEM32\dhcpcsvc6.DLL
0x00007ffd22720000 - 0x00007ffd2273f000 	C:\WINDOWS\SYSTEM32\dhcpcsvc.DLL
0x00007ffd286e0000 - 0x00007ffd287d9000 	C:\WINDOWS\SYSTEM32\DNSAPI.dll
0x00007ffd17680000 - 0x00007ffd17689000 	C:\Program Files\Java\jdk-18.0.2.1\bin\management.dll
0x00007ffd16760000 - 0x00007ffd1676b000 	C:\Program Files\Java\jdk-18.0.2.1\bin\management_ext.dll
0x00007ffcf58d0000 - 0x00007ffcf58e0000 	C:\Program Files\Java\jdk-18.0.2.1\bin\verify.dll
0x00007ffd20410000 - 0x00007ffd2041a000 	C:\Windows\System32\rasadhlp.dll
0x00007ffd21120000 - 0x00007ffd211a3000 	C:\WINDOWS\System32\fwpuclnt.dll

dbghelp: loaded successfully - version: 4.0.5 - missing functions: none
symbol engine: initialized successfully - sym options: 0x614 - pdb path: .;C:\Program Files\Java\jdk-18.0.2.1\bin;C:\WINDOWS\SYSTEM32;C:\WINDOWS\WinSxS\amd64_microsoft.windows.common-controls_6595b64144ccf1df_6.0.22621.2506_none_270c5ae97388e100;C:\Program Files\Java\jdk-18.0.2.1\bin\server;C:\Program Files (x86)\JetBrains\IntelliJ IDEA Community Edition 2023.2.5\bin

VM Arguments:
jvm_args: -javaagent:C:\Program Files (x86)\JetBrains\IntelliJ IDEA Community Edition 2023.2.5\lib\idea_rt.jar=64905:C:\Program Files (x86)\JetBrains\IntelliJ IDEA Community Edition 2023.2.5\bin -Dfile.encoding=UTF-8 -Dsun.stdout.encoding=UTF-8 -Dsun.stderr.encoding=UTF-8 
java_command: com.crud.noticias.NoticiasApplication
java_class_path (initial): D:\Proyectos\noticias-laravel-react\noticias-backend-api-java\target\classes;C:\Users\sulbaranjc\.m2\repository\org\springframework\boot\spring-boot-starter-data-jpa\3.2.1\spring-boot-starter-data-jpa-3.2.1.jar;C:\Users\sulbaranjc\.m2\repository\org\springframework\boot\spring-boot-starter-aop\3.2.1\spring-boot-starter-aop-3.2.1.jar;C:\Users\sulbaranjc\.m2\repository\org\springframework\spring-aop\6.1.2\spring-aop-6.1.2.jar;C:\Users\sulbaranjc\.m2\repository\org\aspectj\aspectjweaver\1.9.21\aspectjweaver-1.9.21.jar;C:\Users\sulbaranjc\.m2\repository\org\springframework\boot\spring-boot-starter-jdbc\3.2.1\spring-boot-starter-jdbc-3.2.1.jar;C:\Users\sulbaranjc\.m2\repository\com\zaxxer\HikariCP\5.0.1\HikariCP-5.0.1.jar;C:\Users\sulbaranjc\.m2\repository\org\springframework\spring-jdbc\6.1.2\spring-jdbc-6.1.2.jar;C:\Users\sulbaranjc\.m2\repository\org\hibernate\orm\hibernate-core\6.4.1.Final\hibernate-core-6.4.1.Final.jar;C:\Users\sulbaranjc\.m2\repository\jakarta\persistence\jakarta.persistence-api\3.1.0\jakarta.persistence-api-3.1.0.jar;C:\Users\sulbaranjc\.m2\repository\jakarta\transaction\jakarta.transaction-api\2.0.1\jakarta.transaction-api-2.0.1.jar;C:\Users\sulbaranjc\.m2\repository\org\jboss\logging\jboss-logging\3.5.3.Final\jboss-logging-3.5.3.Final.jar;C:\Users\sulbaranjc\.m2\repository\org\hibernate\common\hibernate-commons-annotations\6.0.6.Final\hibernate-commons-annotations-6.0.6.Final.jar;C:\Users\sulbaranjc\.m2\repository\io\smallrye\jandex\3.1.2\jandex-3.1.2.jar;C:\Users\sulbaranjc\.m2\repository\com\fasterxml\classmate\1.6.0\classmate-1.6.0.jar;C:\Users\sulbaranjc\.m2\repository\net\bytebuddy\byte-buddy\1.14.10\byte-buddy-1.14.10.jar;C:\Users\sulbaranjc\.m2\repository\org\glassfish\jaxb\jaxb-runtime\4.0.4\jaxb-runtime-4.0.4.jar;C:\Users\sulbaranjc\.m2\repository\org\glassfish\jaxb\jaxb-core\4.0.4\jaxb-core-4.0.4.jar;C:\Users\sulbaranjc\.m2\repository\org\eclipse\angus\angus-activation\2.0.1\angus-activation-2.0.1.jar;C:\Users\sulbaranjc\.m2\repository\org\glassfish\jaxb\txw2\4.0.4\txw2-4.0.4.jar;C:\Users\sulbaranjc\.m2\repository\com\sun\istack\istack-commons-runtime\4.1.2\istack-commons-runtime-4.1.2.jar;C:\Users\sulbaranjc\.m2\repository\jakarta\inject\jakarta.inject-api\2.0.1\jakarta.inject-api-2.0.1.jar;C:\Users\sulbaranjc\.m2\repository\org\antlr\antlr4-runtime\4.13.0\antlr4-runtime-4.13.0.jar;C:\Users\sulbaranjc\.m2\repository\org\springframework\data\spring-data-jpa\3.2.1\spring-data-jpa-3.2.1.jar;C:\Users\sulbaranjc\.m2\repository\org\springframework\data\spring-data-commons\3.2.1\spring-data-commons-3.2.1.jar;C:\Users\sulbaranjc\.m2\repository\org\springframework\spring-orm\6.1.2\spring-orm-6.1.2.jar;C:\Users\sulbaranjc\.m2\repository\org\springframework\spring-context\6.1.2\spring-context-6.1.2.jar;C:\Users\sulbaranjc\.m2\repository\org\springframework\spring-tx\6.1.2\spring-tx-6.1.2.jar;C:\Users\sulbaranjc\.m2\repository\org\springframework\spring-beans\6.1.2\spring-beans-6.1.2.jar;C:\Users\sulbaranjc\.m2\repository\org\slf4j\slf4j-api\2.0.9\slf4j-api-2.0.9.jar;C:\Users\sulbaranjc\.m2\repository\org\springframework\spring-aspects\6.1.2\spring-aspects-6.1.2.jar;C:\Users\sulbaranjc\.m2\repository\org\springframework\boot\spring-boot-starter-web\3.2.1\spring-boot-starter-web-3.2.1.jar;C:\Users\sulbaranjc\.m2\repository\org\springframework\boot\spring-boot-starter\3.2.1\spring-boot-starter-3.2.1.jar;C:\Users\sulbaranjc\.m2\repository\org\springframework\boot\spring-boot\3.2.1\spring-boot-3.2.1.jar;C:\Users\sulbaranjc\.m2\repository\org\springframework\boot\spring-boot-autoconfigure\3.2.1\spring-boot-autoconfigure-3.2.1.jar;C:\Users\sulbaranjc\.m2\repository\org\springframework\boot\spring-boot-starter-logging\3.2.1\spring-boot-starter-logging-3.2.1.jar;C:\Users\sulbaranjc\.m2\repository\ch\qos\logback\logback-classic\1.4.14\logback-classic-1.4.14.jar;C:\Users\sulbaranjc\.m2\repository\ch\qos\logback\logback-core\1.4.14\logback-core-1.4.14.jar;C:\Users\sulbaranjc\.m2\repository\org\apache\logging\log4j\log4j-to-slf4j\2.21.1\log4j-to-slf4j-2.21.1.jar;C:\Users\sulbaranjc\.m2\repository\org\apache\logging\log4j\log4j-api\2.21.1\log4j-api-2.21.1.jar;C:\Users\sulbaranjc\.m2\repository\org\slf4j\jul-to-slf4j\2.0.9\jul-to-slf4j-2.0.9.jar;C:\Users\sulbaranjc\.m2\repository\org\yaml\snakeyaml\2.2\snakeyaml-2.2.jar;C:\Users\sulbaranjc\.m2\repository\org\springframework\boot\spring-boot-starter-json\3.2.1\spring-boot-starter-json-3.2.1.jar;C:\Users\sulbaranjc\.m2\repository\com\fasterxml\jackson\core\jackson-databind\2.15.3\jackson-databind-2.15.3.jar;C:\Users\sulbaranjc\.m2\repository\com\fasterxml\jackson\core\jackson-annotations\2.15.3\jackson-annotations-2.15.3.jar;C:\Users\sulbaranjc\.m2\repository\com\fasterxml\jackson\core\jackson-core\2.15.3\jackson-core-2.15.3.jar;C:\Users\sulbaranjc\.m2\repository\com\fasterxml\jackson\datatype\jackson-datatype-jdk8\2.15.3\jackson-datatype-jdk8-2.15.3.jar;C:\Users\sulbaranjc\.m2\repository\com\fasterxml\jackson\datatype\jackson-datatype-jsr310\2.15.3\jackson-datatype-jsr310-2.15.3.jar;C:\Users\sulbaranjc\.m2\repository\com\fasterxml\jackson\module\jackson-module-parameter-names\2.15.3\jackson-module-parameter-names-2.15.3.jar;C:\Users\sulbaranjc\.m2\repository\org\springframework\spring-web\6.1.2\spring-web-6.1.2.jar;C:\Users\sulbaranjc\.m2\repository\io\micrometer\micrometer-observation\1.12.1\micrometer-observation-1.12.1.jar;C:\Users\sulbaranjc\.m2\repository\io\micrometer\micrometer-commons\1.12.1\micrometer-commons-1.12.1.jar;C:\Users\sulbaranjc\.m2\repository\org\springframework\spring-webmvc\6.1.2\spring-webmvc-6.1.2.jar;C:\Users\sulbaranjc\.m2\repository\org\springframework\spring-expression\6.1.2\spring-expression-6.1.2.jar;C:\Users\sulbaranjc\.m2\repository\com\mysql\mysql-connector-j\8.1.0\mysql-connector-j-8.1.0.jar;C:\Users\sulbaranjc\.m2\repository\org\springframework\boot\spring-boot-starter-tomcat\3.2.1\spring-boot-starter-tomcat-3.2.1.jar;C:\Users\sulbaranjc\.m2\repository\jakarta\annotation\jakarta.annotation-api\2.1.1\jakarta.annotation-api-2.1.1.jar;C:\Users\sulbaranjc\.m2\repository\org\apache\tomcat\embed\tomcat-embed-core\10.1.17\tomcat-embed-core-10.1.17.jar;C:\Users\sulbaranjc\.m2\repository\org\apache\tomcat\embed\tomcat-embed-el\10.1.17\tomcat-embed-el-10.1.17.jar;C:\Users\sulbaranjc\.m2\repository\org\apache\tomcat\embed\tomcat-embed-websocket\10.1.17\tomcat-embed-websocket-10.1.17.jar;C:\Users\sulbaranjc\.m2\repository\jakarta\xml\bind\jakarta.xml.bind-api\4.0.1\jakarta.xml.bind-api-4.0.1.jar;C:\Users\sulbaranjc\.m2\repository\jakarta\activation\jakarta.activation-api\2.1.2\jakarta.activation-api-2.1.2.jar;C:\Users\sulbaranjc\.m2\repository\org\springframework\spring-core\6.1.2\spring-core-6.1.2.jar;C:\Users\sulbaranjc\.m2\repository\org\springframework\spring-jcl\6.1.2\spring-jcl-6.1.2.jar
Launcher Type: SUN_STANDARD

[Global flags]
     intx CICompilerCount                          = 4                                         {product} {ergonomic}
     uint ConcGCThreads                            = 3                                         {product} {ergonomic}
     uint G1ConcRefinementThreads                  = 10                                        {product} {ergonomic}
   size_t G1HeapRegionSize                         = 2097152                                   {product} {ergonomic}
    uintx GCDrainStackTargetSize                   = 64                                        {product} {ergonomic}
   size_t InitialHeapSize                          = 268435456                                 {product} {ergonomic}
   size_t MarkStackSize                            = 4194304                                   {product} {ergonomic}
   size_t MaxHeapSize                              = 4282384384                                {product} {ergonomic}
   size_t MaxNewSize                               = 2569011200                                {product} {ergonomic}
   size_t MinHeapDeltaBytes                        = 2097152                                   {product} {ergonomic}
   size_t MinHeapSize                              = 8388608                                   {product} {ergonomic}
    uintx NonNMethodCodeHeapSize                   = 5839372                                {pd product} {ergonomic}
    uintx NonProfiledCodeHeapSize                  = 122909434                              {pd product} {ergonomic}
    uintx ProfiledCodeHeapSize                     = 122909434                              {pd product} {ergonomic}
    uintx ReservedCodeCacheSize                    = 251658240                              {pd product} {ergonomic}
     bool SegmentedCodeCache                       = true                                      {product} {ergonomic}
   size_t SoftMaxHeapSize                          = 4282384384                             {manageable} {ergonomic}
     bool UseCompressedClassPointers               = true                           {product lp64_product} {ergonomic}
     bool UseCompressedOops                        = true                           {product lp64_product} {ergonomic}
     bool UseG1GC                                  = true                                      {product} {ergonomic}
     bool UseLargePagesIndividualAllocation        = false                                  {pd product} {ergonomic}

Logging:
Log output configuration:
 #0: stdout all=warning uptime,level,tags foldmultilines=false
 #1: stderr all=off uptime,level,tags foldmultilines=false

Environment Variables:
PATH=%PATH%;C:\Utility;C:\Program Files\Git\cmd;C:\ProgramData\ComposerSetup\bin;C:\Utility;C:\php;C:\Users\sulbaranjc\AppData\Local\Microsoft\WindowsApps;C:\cmder\bin;C:\Users\sulbaranjc\AppData\Roaming\nvm;C:\cmder;C:\Users\sulbaranjc\AppData\Local\GitHubDesktop\bin;C:\Program Files\MongoDB\Server\4.2\bin;C:\Program Files\JetBrains\IntelliJ IDEA Community Edition 2022.2.2\bin;C:\Users\sulbaranjc\AppData\Local\Programs\Microsoft VS Code\bin;C:\Users\sulbaranjc\.fly\bin;C:\Users\sulbaranjc\AppData\Roaming\npm;C:\Users\sulbaranjc\AppData\Roaming\nvm;C:\Program Files\nodejs;C:\Program Files\MySQL\MySQL Workbench 8.0 CE;C:\Users\sulbaranjc\AppData\Roaming\Composer\vendor\bin;C:\Users\sulbaranjc\AppData\Local\Microsoft\WindowsApps;C:\Users\sulbaranjc\AppData\Local\Programs\oh-my-posh\bin;C:\Windows\System32;C:\ProgramData\ComposerSetup\bin;C:\bin;C:\Utility;
USERNAME=sulbaranjc
OS=Windows_NT
PROCESSOR_IDENTIFIER=AMD64 Family 23 Model 8 Stepping 2, AuthenticAMD



---------------  S Y S T E M  ---------------

OS:
 Windows 11 , 64 bit Build 22621 (10.0.22621.2506)
OS uptime: 3 days 21:54 hours
Hyper-V role detected

CPU: total 12 (initial active 12) (12 cores per cpu, 2 threads per core) family 23 model 8 stepping 2 microcode 0x0, cx8, cmov, fxsr, ht, mmx, 3dnowpref, sse, sse2, sse3, ssse3, sse4a, sse4.1, sse4.2, popcnt, lzcnt, tsc, tscinvbit, avx, avx2, aes, clmul, bmi1, bmi2, adx, sha, fma, vzeroupper, clflush, clflushopt, hv

Memory: 4k page, system-wide physical 16334M (4092M free)
TotalPageFile size 65486M (AvailPageFile size 0M)
current process WorkingSet (physical memory assigned to process): 152M, peak: 249M
current process commit charge ("private bytes"): 275M, peak: 411M

vm_info: Java HotSpot(TM) 64-Bit Server VM (18.0.2.1+1-1) for windows-amd64 JRE (18.0.2.1+1-1), built on Aug 16 2022 01:46:33 by "mach5one" with MS VC++ 16.8 / 16.9 (VS2019)

END.
